Arguments: 
  /home/nayan/.nvm/versions/node/v15.6.0/bin/node /usr/share/yarn/bin/yarn.js init

PATH: 
  /home/nayan/.nvm/versions/node/v15.6.0/bin:/usr/local/sbin:/usr/local/bin:/usr/sbin:/usr/bin:/sbin:/bin:/usr/games:/usr/local/games:/snap/bin

Yarn version: 
  1.22.5

Node version: 
  15.6.0

Platform: 
  linux x64

Trace: 
  Error: canceled
      at Interface.<anonymous> (/usr/share/yarn/lib/cli.js:137009:13)
      at Interface.emit (node:events:379:20)
      at Interface._ttyWrite (node:readline:910:16)
      at ReadStream.onkeypress (node:readline:235:10)
      at ReadStream.emit (node:events:379:20)
      at emitKeys (node:internal/readline/utils:358:14)
      at emitKeys.next (<anonymous>)
      at ReadStream.onData (node:readline:1179:36)
      at ReadStream.emit (node:events:379:20)
      at addChunk (node:internal/streams/readable:313:12)

npm manifest: 
  No manifest

yarn manifest: 
  No manifest

Lockfile: 
  # THIS IS AN AUTOGENERATED FILE. DO NOT EDIT THIS FILE DIRECTLY.
  # yarn lockfile v1
